<?xml version="1.0" encoding="UTF-8"?>
<!-- Generated by org.testng.reporters.JUnitReportReporter -->
<testsuite name="com.selenium.DataDriven.Partners.Partnermanagment" tests="7" time="539.320" ignored="0" failures="1" timestamp="09 Jun 2021 08:52:37 GMT" skipped="2" hostname="AIPLLTH321" errors="0">
  <testcase name="WQandMangePartners" time="208.566" classname="com.selenium.DataDriven.Partners.Partnermanagment"/>
  <testcase name="PartnerMangMenuNonServog" time="60.908" classname="com.selenium.DataDriven.Partners.Partnermanagment"/>
  <testcase name="RejectApprovedRequestFromMainOrg" time="65.552" classname="com.selenium.DataDriven.Partners.Partnermanagment">
    <failure type="java.lang.AssertionError" message="element click intercepted: Element &lt;span class=&quot;mat-select-placeholder ng-tns-c108-121 ng-star-inserted&quot;&gt;...&lt;/span&gt; is not clickable at point (458, 153). Other element would receive the click: &lt;span class=&quot;mat-option-text&quot;&gt;...&lt;/span&gt;
  (Session info: chrome=89.0.4389.114)
Build info: version: &#039;3.11.0&#039;, revision: &#039;e59cfb3&#039;, time: &#039;2018-03-11T20:26:55.152Z&#039;
System info: host: &#039;AIPLLTH321&#039;, ip: &#039;127.0.1.1&#039;, os.name: &#039;Linux&#039;, os.arch: &#039;amd64&#039;, os.version: &#039;5.4.0-73-generic&#039;, java.version: &#039;1.8.0_292&#039;
Driver info: org.openqa.selenium.chrome.ChromeDriver
Capabilities {acceptInsecureCerts: false, browserName: chrome, browserVersion: 89.0.4389.114, chrome: {chromedriverVersion: 89.0.4389.23 (61b08ee2c5002..., userDataDir: /tmp/.com.google.Chrome.dZrOrx}, goog:chromeOptions: {debuggerAddress: localhost:33743}, javascriptEnabled: true, networkConnectionEnabled: false, pageLoadStrategy: normal, platform: LINUX, platformName: LINUX, proxy: Proxy(), setWindowRect: true, strictFileInteractability: false, timeouts: {implicit: 0, pageLoad: 300000, script: 30000}, unhandledPromptBehavior: dismiss and notify, webauthn:extension:largeBlob: true, webauthn:virtualAuthenticators: true}
Session ID: 31694d892f72e1268e649c7cac9b422e">
      <![CDATA[java.lang.AssertionError: element click intercepted: Element <span class="mat-select-placeholder ng-tns-c108-121 ng-star-inserted">...</span> is not clickable at point (458, 153). Other element would receive the click: <span class="mat-option-text">...</span>
  (Session info: chrome=89.0.4389.114)
Build info: version: '3.11.0', revision: 'e59cfb3', time: '2018-03-11T20:26:55.152Z'
System info: host: 'AIPLLTH321', ip: '127.0.1.1', os.name: 'Linux', os.arch: 'amd64', os.version: '5.4.0-73-generic', java.version: '1.8.0_292'
Driver info: org.openqa.selenium.chrome.ChromeDriver
Capabilities {acceptInsecureCerts: false, browserName: chrome, browserVersion: 89.0.4389.114, chrome: {chromedriverVersion: 89.0.4389.23 (61b08ee2c5002..., userDataDir: /tmp/.com.google.Chrome.dZrOrx}, goog:chromeOptions: {debuggerAddress: localhost:33743}, javascriptEnabled: true, networkConnectionEnabled: false, pageLoadStrategy: normal, platform: LINUX, platformName: LINUX, proxy: Proxy(), setWindowRect: true, strictFileInteractability: false, timeouts: {implicit: 0, pageLoad: 300000, script: 30000}, unhandledPromptBehavior: dismiss and notify, webauthn:extension:largeBlob: true, webauthn:virtualAuthenticators: true}
Session ID: 31694d892f72e1268e649c7cac9b422e
	at org.testng.Assert.fail(Assert.java:94)
	at com.selenium.DataDriven.Base.BaseClass.reportFailure(BaseClass.java:206)
	at com.selenium.DataDriven.Base.BaseClass.click(BaseClass.java:193)
	at com.selenium.DataDriven.Partners.Partnermanagment.RejectApprovedRequestFromMainOrg(Partnermanagment.java:977)
	at sun.reflect.NativeMethodAccessorImpl.invoke0(Native Method)
	at sun.reflect.NativeMethodAccessorImpl.invoke(NativeMethodAccessorImpl.java:62)
	at sun.reflect.DelegatingMethodAccessorImpl.invoke(DelegatingMethodAccessorImpl.java:43)
	at java.lang.reflect.Method.invoke(Method.java:498)
	at org.testng.internal.MethodInvocationHelper.invokeMethod(MethodInvocationHelper.java:104)
	at org.testng.internal.Invoker.invokeMethod(Invoker.java:645)
	at org.testng.internal.Invoker.invokeTestMethod(Invoker.java:851)
	at org.testng.internal.Invoker.invokeTestMethods(Invoker.java:1177)
	at org.testng.internal.TestMethodWorker.invokeTestMethods(TestMethodWorker.java:129)
	at org.testng.internal.TestMethodWorker.run(TestMethodWorker.java:112)
	at org.testng.TestRunner.privateRun(TestRunner.java:756)
	at org.testng.TestRunner.run(TestRunner.java:610)
	at org.testng.SuiteRunner.runTest(SuiteRunner.java:387)
	at org.testng.SuiteRunner.runSequentially(SuiteRunner.java:382)
	at org.testng.SuiteRunner.privateRun(SuiteRunner.java:340)
	at org.testng.SuiteRunner.run(SuiteRunner.java:289)
	at org.testng.SuiteRunnerWorker.runSuite(SuiteRunnerWorker.java:52)
	at org.testng.SuiteRunnerWorker.run(SuiteRunnerWorker.java:86)
	at org.testng.TestNG.runSuitesSequentially(TestNG.java:1293)
	at org.testng.TestNG.runSuitesLocally(TestNG.java:1218)
	at org.testng.TestNG.runSuites(TestNG.java:1133)
	at org.testng.TestNG.run(TestNG.java:1104)
	at org.testng.remote.AbstractRemoteTestNG.run(AbstractRemoteTestNG.java:132)
	at org.testng.remote.RemoteTestNG.initAndRun(RemoteTestNG.java:230)
	at org.testng.remote.RemoteTestNG.main(RemoteTestNG.java:76)
]]>
    </failure>
  </testcase> <!-- RejectApprovedRequestFromMainOrg -->
  <testcase name="RejectApprovedRequestFromPartnerOrgManagePartners" time="0.000" classname="com.selenium.DataDriven.Partners.Partnermanagment">
    <skipped/>
  </testcase> <!-- RejectApprovedRequestFromPartnerOrgManagePartners -->
  <testcase name="PartnerAssociation" time="54.516" classname="com.selenium.DataDriven.Partners.Partnermanagment"/>
  <testcase name="ApprovePartnerReqFromWQ" time="149.778" classname="com.selenium.DataDriven.Partners.Partnermanagment"/>
  <testcase name="ApprovePartnerReqFromManagePartners" time="0.000" classname="com.selenium.DataDriven.Partners.Partnermanagment">
    <skipped/>
  </testcase> <!-- ApprovePartnerReqFromManagePartners -->
</testsuite> <!-- com.selenium.DataDriven.Partners.Partnermanagment -->
