<?xml version="1.0" encoding="UTF-8"?>
<!-- Generated by org.testng.reporters.JUnitXMLReporter -->
<testsuite hostname="AIPLLTH321" ignored="0" name="Testname" tests="17" failures="4" timestamp="14 Jul 2021 13:00:53 GMT" time="14.986" errors="0">
  <testcase name="PartnerMangMenu" time="9.351" classname="com.selenium.DataDriven.TestCases.Partnermanagment">
    <failure type="org.openqa.selenium.WebDriverException" message="chrome not reachable
  (Session info: chrome=91.0.4472.106)
Build info: version: &amp;apos;3.11.0&amp;apos;, revision: &amp;apos;e59cfb3&amp;apos;, time: &amp;apos;2018-03-11T20:26:55.152Z&amp;apos;
System info: host: &amp;apos;AIPLLTH321&amp;apos;, ip: &amp;apos;127.0.1.1&amp;apos;, os.name: &amp;apos;Linux&amp;apos;, os.arch: &amp;apos;amd64&amp;apos;, os.version: &amp;apos;5.4.0-77-generic&amp;apos;, java.version: &amp;apos;1.8.0_292&amp;apos;
Driver info: org.openqa.selenium.chrome.ChromeDriver
Capabilities {acceptInsecureCerts: false, browserName: chrome, browserVersion: 91.0.4472.106, chrome: {chromedriverVersion: 91.0.4472.19 (1bf021f248676..., userDataDir: /tmp/.com.google.Chrome.AIbTcx}, goog:chromeOptions: {debuggerAddress: localhost:40847}, javascriptEnabled: true, networkConnectionEnabled: false, pageLoadStrategy: normal, platform: LINUX, platformName: LINUX, proxy: Proxy(), setWindowRect: true, strictFileInteractability: false, timeouts: {implicit: 0, pageLoad: 300000, script: 30000}, unhandledPromptBehavior: dismiss and notify, webauthn:extension:largeBlob: true, webauthn:virtualAuthenticators: true}
Session ID: bf642e1a39255fcfa018aa6fbc109402">
      <![CDATA[org.openqa.selenium.WebDriverException: chrome not reachable
  (Session info: chrome=91.0.4472.106)
Build info: version: '3.11.0', revision: 'e59cfb3', time: '2018-03-11T20:26:55.152Z'
System info: host: 'AIPLLTH321', ip: '127.0.1.1', os.name: 'Linux', os.arch: 'amd64', os.version: '5.4.0-77-generic', java.version: '1.8.0_292'
Driver info: org.openqa.selenium.chrome.ChromeDriver
Capabilities {acceptInsecureCerts: false, browserName: chrome, browserVersion: 91.0.4472.106, chrome: {chromedriverVersion: 91.0.4472.19 (1bf021f248676..., userDataDir: /tmp/.com.google.Chrome.AIbTcx}, goog:chromeOptions: {debuggerAddress: localhost:40847}, javascriptEnabled: true, networkConnectionEnabled: false, pageLoadStrategy: normal, platform: LINUX, platformName: LINUX, proxy: Proxy(), setWindowRect: true, strictFileInteractability: false, timeouts: {implicit: 0, pageLoad: 300000, script: 30000}, unhandledPromptBehavior: dismiss and notify, webauthn:extension:largeBlob: true, webauthn:virtualAuthenticators: true}
Session ID: bf642e1a39255fcfa018aa6fbc109402
	at org.openqa.selenium.remote.http.W3CHttpResponseCodec.createException(W3CHttpResponseCodec.java:187)
	at org.openqa.selenium.remote.http.W3CHttpResponseCodec.decode(W3CHttpResponseCodec.java:122)
	at org.openqa.selenium.remote.http.W3CHttpResponseCodec.decode(W3CHttpResponseCodec.java:49)
	at org.openqa.selenium.remote.HttpCommandExecutor.execute(HttpCommandExecutor.java:158)
	at org.openqa.selenium.remote.service.DriverCommandExecutor.execute(DriverCommandExecutor.java:83)
	at org.openqa.selenium.remote.RemoteWebDriver.execute(RemoteWebDriver.java:545)
	at org.openqa.selenium.remote.RemoteWebDriver.execute(RemoteWebDriver.java:602)
	at org.openqa.selenium.remote.RemoteWebDriver.getScreenshotAs(RemoteWebDriver.java:291)
	at com.selenium.DataDriven.Base.BaseClass.takeScreenShot(BaseClass.java:140)
	at com.selenium.DataDriven.Base.BaseClass.reportFailure(BaseClass.java:120)
	at com.selenium.DataDriven.Functions.GenericActions.getElement(GenericActions.java:133)
	at com.selenium.DataDriven.Functions.GenericActions.isElementPresent(GenericActions.java:191)
	at com.selenium.DataDriven.Functions.AppActions.dologin(AppActions.java:52)
	at com.selenium.DataDriven.TestCases.Partnermanagment.PartnerMangMenu(Partnermanagment.java:68)
... Removed 29 stack frames]]>
    </failure>
  </testcase> <!-- PartnerMangMenu -->
  <testcase name="Ten1" time="2.585" classname="com.selenium.DataDriven.TestCases.TenantBasedPartition">
    <failure type="org.openqa.selenium.NoSuchWindowException" message="no such window: target window already closed
from unknown error: web view not found
  (Session info: chrome=91.0.4472.106)
Build info: version: &amp;apos;3.11.0&amp;apos;, revision: &amp;apos;e59cfb3&amp;apos;, time: &amp;apos;2018-03-11T20:26:55.152Z&amp;apos;
System info: host: &amp;apos;AIPLLTH321&amp;apos;, ip: &amp;apos;127.0.1.1&amp;apos;, os.name: &amp;apos;Linux&amp;apos;, os.arch: &amp;apos;amd64&amp;apos;, os.version: &amp;apos;5.4.0-77-generic&amp;apos;, java.version: &amp;apos;1.8.0_292&amp;apos;
Driver info: org.openqa.selenium.chrome.ChromeDriver
Capabilities {acceptInsecureCerts: false, browserName: chrome, browserVersion: 91.0.4472.106, chrome: {chromedriverVersion: 91.0.4472.19 (1bf021f248676..., userDataDir: /tmp/.com.google.Chrome.f7PL4O}, goog:chromeOptions: {debuggerAddress: localhost:34021}, javascriptEnabled: true, networkConnectionEnabled: false, pageLoadStrategy: normal, platform: LINUX, platformName: LINUX, proxy: Proxy(), setWindowRect: true, strictFileInteractability: false, timeouts: {implicit: 0, pageLoad: 300000, script: 30000}, unhandledPromptBehavior: dismiss and notify, webauthn:extension:largeBlob: true, webauthn:virtualAuthenticators: true}
Session ID: 8aca6fded2c80bfaad13f7201c8e9e3b">
      <![CDATA[org.openqa.selenium.NoSuchWindowException: no such window: target window already closed
from unknown error: web view not found
  (Session info: chrome=91.0.4472.106)
Build info: version: '3.11.0', revision: 'e59cfb3', time: '2018-03-11T20:26:55.152Z'
System info: host: 'AIPLLTH321', ip: '127.0.1.1', os.name: 'Linux', os.arch: 'amd64', os.version: '5.4.0-77-generic', java.version: '1.8.0_292'
Driver info: org.openqa.selenium.chrome.ChromeDriver
Capabilities {acceptInsecureCerts: false, browserName: chrome, browserVersion: 91.0.4472.106, chrome: {chromedriverVersion: 91.0.4472.19 (1bf021f248676..., userDataDir: /tmp/.com.google.Chrome.f7PL4O}, goog:chromeOptions: {debuggerAddress: localhost:34021}, javascriptEnabled: true, networkConnectionEnabled: false, pageLoadStrategy: normal, platform: LINUX, platformName: LINUX, proxy: Proxy(), setWindowRect: true, strictFileInteractability: false, timeouts: {implicit: 0, pageLoad: 300000, script: 30000}, unhandledPromptBehavior: dismiss and notify, webauthn:extension:largeBlob: true, webauthn:virtualAuthenticators: true}
Session ID: 8aca6fded2c80bfaad13f7201c8e9e3b
	at org.openqa.selenium.remote.http.W3CHttpResponseCodec.createException(W3CHttpResponseCodec.java:187)
	at org.openqa.selenium.remote.http.W3CHttpResponseCodec.decode(W3CHttpResponseCodec.java:122)
	at org.openqa.selenium.remote.http.W3CHttpResponseCodec.decode(W3CHttpResponseCodec.java:49)
	at org.openqa.selenium.remote.HttpCommandExecutor.execute(HttpCommandExecutor.java:158)
	at org.openqa.selenium.remote.service.DriverCommandExecutor.execute(DriverCommandExecutor.java:83)
	at org.openqa.selenium.remote.RemoteWebDriver.execute(RemoteWebDriver.java:545)
	at org.openqa.selenium.remote.RemoteWebDriver.execute(RemoteWebDriver.java:602)
	at org.openqa.selenium.remote.RemoteWebDriver.getScreenshotAs(RemoteWebDriver.java:291)
	at com.selenium.DataDriven.Base.BaseClass.takeScreenShot(BaseClass.java:140)
	at com.selenium.DataDriven.Base.BaseClass.reportFailure(BaseClass.java:120)
	at com.selenium.DataDriven.Functions.GenericActions.getElement(GenericActions.java:133)
	at com.selenium.DataDriven.Functions.GenericActions.isEnabled(GenericActions.java:269)
	at com.selenium.DataDriven.Functions.GenericActions.type(GenericActions.java:145)
	at com.selenium.DataDriven.Functions.AppActions.dologin(AppActions.java:44)
	at com.selenium.DataDriven.TestCases.TenantBasedPartition.Ten1(TenantBasedPartition.java:67)
... Removed 29 stack frames]]>
    </failure>
  </testcase> <!-- Ten1 -->
  <testcase name="PartneDeatilsPage" time="0.013" classname="com.selenium.DataDriven.TestCases.Partnermanagment">
    <failure type="org.openqa.selenium.WebDriverException" message="chrome not reachable
  (Session info: chrome=91.0.4472.106)
Build info: version: &amp;apos;3.11.0&amp;apos;, revision: &amp;apos;e59cfb3&amp;apos;, time: &amp;apos;2018-03-11T20:26:55.152Z&amp;apos;
System info: host: &amp;apos;AIPLLTH321&amp;apos;, ip: &amp;apos;127.0.1.1&amp;apos;, os.name: &amp;apos;Linux&amp;apos;, os.arch: &amp;apos;amd64&amp;apos;, os.version: &amp;apos;5.4.0-77-generic&amp;apos;, java.version: &amp;apos;1.8.0_292&amp;apos;
Driver info: org.openqa.selenium.chrome.ChromeDriver
Capabilities {acceptInsecureCerts: false, browserName: chrome, browserVersion: 91.0.4472.106, chrome: {chromedriverVersion: 91.0.4472.19 (1bf021f248676..., userDataDir: /tmp/.com.google.Chrome.AIbTcx}, goog:chromeOptions: {debuggerAddress: localhost:40847}, javascriptEnabled: true, networkConnectionEnabled: false, pageLoadStrategy: normal, platform: LINUX, platformName: LINUX, proxy: Proxy(), setWindowRect: true, strictFileInteractability: false, timeouts: {implicit: 0, pageLoad: 300000, script: 30000}, unhandledPromptBehavior: dismiss and notify, webauthn:extension:largeBlob: true, webauthn:virtualAuthenticators: true}
Session ID: bf642e1a39255fcfa018aa6fbc109402">
      <![CDATA[org.openqa.selenium.WebDriverException: chrome not reachable
  (Session info: chrome=91.0.4472.106)
Build info: version: '3.11.0', revision: 'e59cfb3', time: '2018-03-11T20:26:55.152Z'
System info: host: 'AIPLLTH321', ip: '127.0.1.1', os.name: 'Linux', os.arch: 'amd64', os.version: '5.4.0-77-generic', java.version: '1.8.0_292'
Driver info: org.openqa.selenium.chrome.ChromeDriver
Capabilities {acceptInsecureCerts: false, browserName: chrome, browserVersion: 91.0.4472.106, chrome: {chromedriverVersion: 91.0.4472.19 (1bf021f248676..., userDataDir: /tmp/.com.google.Chrome.AIbTcx}, goog:chromeOptions: {debuggerAddress: localhost:40847}, javascriptEnabled: true, networkConnectionEnabled: false, pageLoadStrategy: normal, platform: LINUX, platformName: LINUX, proxy: Proxy(), setWindowRect: true, strictFileInteractability: false, timeouts: {implicit: 0, pageLoad: 300000, script: 30000}, unhandledPromptBehavior: dismiss and notify, webauthn:extension:largeBlob: true, webauthn:virtualAuthenticators: true}
Session ID: bf642e1a39255fcfa018aa6fbc109402
	at org.openqa.selenium.remote.http.W3CHttpResponseCodec.createException(W3CHttpResponseCodec.java:187)
	at org.openqa.selenium.remote.http.W3CHttpResponseCodec.decode(W3CHttpResponseCodec.java:122)
	at org.openqa.selenium.remote.http.W3CHttpResponseCodec.decode(W3CHttpResponseCodec.java:49)
	at org.openqa.selenium.remote.HttpCommandExecutor.execute(HttpCommandExecutor.java:158)
	at org.openqa.selenium.remote.service.DriverCommandExecutor.execute(DriverCommandExecutor.java:83)
	at org.openqa.selenium.remote.RemoteWebDriver.execute(RemoteWebDriver.java:545)
	at org.openqa.selenium.remote.RemoteWebDriver.execute(RemoteWebDriver.java:602)
	at org.openqa.selenium.remote.RemoteWebDriver.getScreenshotAs(RemoteWebDriver.java:291)
	at com.selenium.DataDriven.Base.BaseClass.takeScreenShot(BaseClass.java:140)
	at com.selenium.DataDriven.Base.BaseClass.reportFailure(BaseClass.java:120)
	at com.selenium.DataDriven.Functions.GenericActions.getElement(GenericActions.java:133)
	at com.selenium.DataDriven.Functions.GenericActions.pageLoaderwaiting(GenericActions.java:305)
	at com.selenium.DataDriven.TestCases.Partnermanagment.PartneDeatilsPage(Partnermanagment.java:102)
... Removed 29 stack frames]]>
    </failure>
  </testcase> <!-- PartneDeatilsPage -->
  <testcase name="Ten2" time="1.614" classname="com.selenium.DataDriven.TestCases.TenantBasedPartition">
    <failure type="org.openqa.selenium.WebDriverException" message="unknown error: cannot determine loading status
from disconnected: received Inspector.detached event
  (Session info: chrome=91.0.4472.106)
Build info: version: &amp;apos;3.11.0&amp;apos;, revision: &amp;apos;e59cfb3&amp;apos;, time: &amp;apos;2018-03-11T20:26:55.152Z&amp;apos;
System info: host: &amp;apos;AIPLLTH321&amp;apos;, ip: &amp;apos;127.0.1.1&amp;apos;, os.name: &amp;apos;Linux&amp;apos;, os.arch: &amp;apos;amd64&amp;apos;, os.version: &amp;apos;5.4.0-77-generic&amp;apos;, java.version: &amp;apos;1.8.0_292&amp;apos;
Driver info: org.openqa.selenium.chrome.ChromeDriver
Capabilities {acceptInsecureCerts: false, browserName: chrome, browserVersion: 91.0.4472.106, chrome: {chromedriverVersion: 91.0.4472.19 (1bf021f248676..., userDataDir: /tmp/.com.google.Chrome.wM2mgD}, goog:chromeOptions: {debuggerAddress: localhost:32787}, javascriptEnabled: true, networkConnectionEnabled: false, pageLoadStrategy: normal, platform: LINUX, platformName: LINUX, proxy: Proxy(), setWindowRect: true, strictFileInteractability: false, timeouts: {implicit: 0, pageLoad: 300000, script: 30000}, unhandledPromptBehavior: dismiss and notify, webauthn:extension:largeBlob: true, webauthn:virtualAuthenticators: true}
Session ID: d9025e7bc278cb887a579e6245a3495e">
      <![CDATA[org.openqa.selenium.WebDriverException: unknown error: cannot determine loading status
from disconnected: received Inspector.detached event
  (Session info: chrome=91.0.4472.106)
Build info: version: '3.11.0', revision: 'e59cfb3', time: '2018-03-11T20:26:55.152Z'
System info: host: 'AIPLLTH321', ip: '127.0.1.1', os.name: 'Linux', os.arch: 'amd64', os.version: '5.4.0-77-generic', java.version: '1.8.0_292'
Driver info: org.openqa.selenium.chrome.ChromeDriver
Capabilities {acceptInsecureCerts: false, browserName: chrome, browserVersion: 91.0.4472.106, chrome: {chromedriverVersion: 91.0.4472.19 (1bf021f248676..., userDataDir: /tmp/.com.google.Chrome.wM2mgD}, goog:chromeOptions: {debuggerAddress: localhost:32787}, javascriptEnabled: true, networkConnectionEnabled: false, pageLoadStrategy: normal, platform: LINUX, platformName: LINUX, proxy: Proxy(), setWindowRect: true, strictFileInteractability: false, timeouts: {implicit: 0, pageLoad: 300000, script: 30000}, unhandledPromptBehavior: dismiss and notify, webauthn:extension:largeBlob: true, webauthn:virtualAuthenticators: true}
Session ID: d9025e7bc278cb887a579e6245a3495e
	at org.openqa.selenium.remote.http.W3CHttpResponseCodec.createException(W3CHttpResponseCodec.java:187)
	at org.openqa.selenium.remote.http.W3CHttpResponseCodec.decode(W3CHttpResponseCodec.java:122)
	at org.openqa.selenium.remote.http.W3CHttpResponseCodec.decode(W3CHttpResponseCodec.java:49)
	at org.openqa.selenium.remote.HttpCommandExecutor.execute(HttpCommandExecutor.java:158)
	at org.openqa.selenium.remote.service.DriverCommandExecutor.execute(DriverCommandExecutor.java:83)
	at org.openqa.selenium.remote.RemoteWebDriver.execute(RemoteWebDriver.java:545)
	at org.openqa.selenium.remote.RemoteWebDriver.get(RemoteWebDriver.java:273)
	at com.selenium.DataDriven.Functions.GenericActions.navigateURL(GenericActions.java:100)
	at com.selenium.DataDriven.TestCases.TenantBasedPartition.Ten2(TenantBasedPartition.java:113)
... Removed 29 stack frames]]>
    </failure>
  </testcase> <!-- Ten2 -->
  <testcase name="NonServiceProvider" time="0.002" classname="com.selenium.DataDriven.TestCases.Partnermanagment">
    <skipped/>
  </testcase> <!-- NonServiceProvider -->
  <testcase name="PartnerAssociation" time="0.007" classname="com.selenium.DataDriven.TestCases.Partnermanagment">
    <skipped/>
  </testcase> <!-- PartnerAssociation -->
  <testcase name="AddAlreadyAddedPartner" time="0.003" classname="com.selenium.DataDriven.TestCases.Partnermanagment">
    <skipped/>
  </testcase> <!-- AddAlreadyAddedPartner -->
  <testcase name="RejectPartnerShipbeforAction" time="0.006" classname="com.selenium.DataDriven.TestCases.Partnermanagment">
    <skipped/>
  </testcase> <!-- RejectPartnerShipbeforAction -->
  <testcase name="WQandMangePartners" time="0.002" classname="com.selenium.DataDriven.TestCases.Partnermanagment">
    <skipped/>
  </testcase> <!-- WQandMangePartners -->
  <testcase name="RejectPartnershipWQ" time="0.002" classname="com.selenium.DataDriven.TestCases.Partnermanagment">
    <skipped/>
  </testcase> <!-- RejectPartnershipWQ -->
  <testcase name="RejectPartnershipWQMessage" time="0.002" classname="com.selenium.DataDriven.TestCases.Partnermanagment">
    <skipped/>
  </testcase> <!-- RejectPartnershipWQMessage -->
  <testcase name="RejectPartnershipManagePart" time="0.001" classname="com.selenium.DataDriven.TestCases.Partnermanagment">
    <skipped/>
  </testcase> <!-- RejectPartnershipManagePart -->
  <testcase name="ApprovePartnerReqFromWQ" time="0.002" classname="com.selenium.DataDriven.TestCases.Partnermanagment">
    <skipped/>
  </testcase> <!-- ApprovePartnerReqFromWQ -->
  <testcase name="AccWQAprroActionAlredPerf" time="0.002" classname="com.selenium.DataDriven.TestCases.Partnermanagment">
    <skipped/>
  </testcase> <!-- AccWQAprroActionAlredPerf -->
  <testcase name="RejectApprovedRequestFromMainOrg" time="0.001" classname="com.selenium.DataDriven.TestCases.Partnermanagment">
    <skipped/>
  </testcase> <!-- RejectApprovedRequestFromMainOrg -->
  <testcase name="ApprovePartnerReqFromManagePartners" time="0.001" classname="com.selenium.DataDriven.TestCases.Partnermanagment">
    <skipped/>
  </testcase> <!-- ApprovePartnerReqFromManagePartners -->
  <testcase name="RejectApprovedRequestFromPartnerOrgManagePartners" time="0.001" classname="com.selenium.DataDriven.TestCases.Partnermanagment">
    <skipped/>
  </testcase> <!-- RejectApprovedRequestFromPartnerOrgManagePartners -->
</testsuite> <!-- Testname -->
